{"message":"hello","level":"info"}
{"message":"hello","level":"info"}
{"message":"hello","level":"info"}
{"message":"\u001b[0mGET /auth/login \u001b[36m304\u001b[0m 3.801 ms - -\u001b[0m\n","level":"info"}
{"message":"hello","level":"info"}
{"message":"::1 - - [18/May/2021:19:45:07 +0000] \"GET /auth/login HTTP/1.1\" 304 - \"-\" \"Mozilla/5.0 (Windows NT 10.0; Win64; x64) AppleWebKit/537.36 (KHTML, like Gecko) Chrome/90.0.4430.212 Safari/537.36\"\n","level":"info"}
{"message":"::1 - - [18/May/2021:20:51:59 +0000] \"GET /movies/1 HTTP/1.1\" 200 15 \"-\" \"PostmanRuntime/7.26.10\"\n","level":"info"}
{"message":"::1 - - [18/May/2021:20:58:47 +0000] \"GET /movies/1 HTTP/1.1\" 200 12474 \"-\" \"PostmanRuntime/7.26.10\"\n","level":"info"}
{"message":"::1 - - [18/May/2021:21:00:52 +0000] \"GET /movies/2 HTTP/1.1\" 200 13664 \"-\" \"PostmanRuntime/7.26.10\"\n","level":"info"}
{"message":"::1 - - [18/May/2021:21:12:58 +0000] \"GET /movie/573a1390f29313caabcd5501 HTTP/1.1\" 200 1386 \"-\" \"PostmanRuntime/7.26.10\"\n","level":"info"}
{"message":"::1 - - [18/May/2021:21:15:20 +0000] \"GET /movie/5123 HTTP/1.1\" 400 11 \"-\" \"PostmanRuntime/7.26.10\"\n","level":"info"}
{"message":"::1 - - [18/May/2021:21:21:14 +0000] \"GET /movie/573a1390f29313caabcd5501 HTTP/1.1\" 200 1386 \"-\" \"PostmanRuntime/7.26.10\"\n","level":"info"}
{"message":"::1 - - [18/May/2021:21:28:16 +0000] \"GET /comments HTTP/1.1\" 404 147 \"-\" \"PostmanRuntime/7.26.10\"\n","level":"info"}
{"message":"::1 - - [18/May/2021:21:33:06 +0000] \"GET /comments HTTP/1.1\" 404 9 \"-\" \"PostmanRuntime/7.26.10\"\n","level":"info"}
{"message":"::1 - - [18/May/2021:21:59:37 +0000] \"GET /comments HTTP/1.1\" 404 9 \"-\" \"PostmanRuntime/7.28.0\"\n","level":"info"}
{"name":"MongoParseError","level":"error"}
{"message":"::1 - - [18/May/2021:22:00:10 +0000] \"GET /movies/1 HTTP/1.1\" 200 12474 \"-\" \"PostmanRuntime/7.28.0\"\n","level":"info"}
{"message":"::1 - - [18/May/2021:22:09:12 +0000] \"GET /movies/comments HTTP/1.1\" 400 11 \"-\" \"PostmanRuntime/7.28.0\"\n","level":"info"}
{"message":"::1 - - [18/May/2021:22:10:08 +0000] \"GET /movies/comments HTTP/1.1\" 400 11 \"-\" \"PostmanRuntime/7.28.0\"\n","level":"info"}
{"message":"Not Found","level":"error"}
{"message":"::1 - - [18/May/2021:22:10:46 +0000] \"GET /comments HTTP/1.1\" 404 23 \"-\" \"PostmanRuntime/7.28.0\"\n","level":"info"}
{"message":"Bad Request","level":"error"}
{"message":"::1 - - [18/May/2021:22:27:58 +0000] \"GET /movies/name HTTP/1.1\" 400 25 \"-\" \"PostmanRuntime/7.28.0\"\n","level":"info"}
{"message":"\"email\" is required","level":"error"}
{"message":"::1 - - [19/May/2021:12:10:09 +0000] \"POST /auth/signup HTTP/1.1\" 400 35 \"-\" \"PostmanRuntime/7.28.0\"\n","level":"info"}
{"message":"Your passwaord must be at least 8 characters and contain at least one uppercase letter, one lowercase letter, one number and one special character","level":"error"}
{"message":"::1 - - [19/May/2021:12:11:28 +0000] \"POST /auth/signup HTTP/1.1\" 400 160 \"-\" \"PostmanRuntime/7.28.0\"\n","level":"info"}
{"message":"Your passwaord must be at least 8 characters and contain at least one uppercase letter, one lowercase letter, one number and one special character","level":"error"}
{"message":"::1 - - [19/May/2021:12:21:05 +0000] \"POST /auth/signup HTTP/1.1\" 400 160 \"-\" \"PostmanRuntime/7.28.0\"\n","level":"info"}
{"message":"this email es already in use","level":"error"}
{"message":"::1 - - [19/May/2021:12:24:07 +0000] \"POST /auth/signup HTTP/1.1\" 409 42 \"-\" \"PostmanRuntime/7.28.0\"\n","level":"info"}
{"message":"\"username\" length must be less than or equal to 10 characters long","level":"error"}
{"message":"::1 - - [19/May/2021:12:24:27 +0000] \"POST /auth/signup HTTP/1.1\" 400 82 \"-\" \"PostmanRuntime/7.28.0\"\n","level":"info"}
{"message":"::1 - - [19/May/2021:12:24:40 +0000] \"POST /auth/signup HTTP/1.1\" - - \"-\" \"PostmanRuntime/7.28.0\"\n","level":"info"}
{"message":"::1 - - [19/May/2021:12:31:33 +0000] \"POST /auth/signup HTTP/1.1\" - - \"-\" \"PostmanRuntime/7.28.0\"\n","level":"info"}
{"message":"::1 - - [19/May/2021:12:31:57 +0000] \"POST /auth/signup HTTP/1.1\" 201 47 \"-\" \"PostmanRuntime/7.28.0\"\n","level":"info"}
{"message":"Internal Server Error","level":"error"}
{"message":"::1 - - [19/May/2021:12:32:14 +0000] \"POST /auth/signup HTTP/1.1\" 500 35 \"-\" \"PostmanRuntime/7.28.0\"\n","level":"info"}
{"message":"::1 - - [19/May/2021:12:41:25 +0000] \"POST /auth/signup HTTP/1.1\" 201 47 \"-\" \"PostmanRuntime/7.28.0\"\n","level":"info"}
{"message":"this username is already in use","level":"error"}
{"level":"error"}
{"level":"error"}
{"level":"error"}
{"level":"error"}
{"level":"error"}
{"message":"Please enter valid username and password","level":"error"}
{"message":"::1 - - [19/May/2021:13:05:10 +0000] \"POST /auth/login HTTP/1.1\" 404 54 \"-\" \"PostmanRuntime/7.28.0\"\n","level":"info"}
{"message":"Please enter valid username and password","level":"error"}
{"message":"::1 - - [19/May/2021:13:05:20 +0000] \"POST /auth/login HTTP/1.1\" 404 54 \"-\" \"PostmanRuntime/7.28.0\"\n","level":"info"}
{"message":"::1 - - [19/May/2021:13:05:49 +0000] \"POST /auth/login HTTP/1.1\" 200 198 \"-\" \"PostmanRuntime/7.28.0\"\n","level":"info"}
{"message":"Unexpected token } in JSON at position 32","level":"error"}
{"message":"::1 - - [19/May/2021:13:06:17 +0000] \"POST /auth/login HTTP/1.1\" 400 55 \"-\" \"PostmanRuntime/7.28.0\"\n","level":"info"}
{"message":"Internal Server Error","level":"error"}
{"message":"::1 - - [19/May/2021:13:06:24 +0000] \"POST /auth/login HTTP/1.1\" 500 35 \"-\" \"PostmanRuntime/7.28.0\"\n","level":"info"}
{"message":"Internal Server Error","level":"error"}
{"message":"::1 - - [19/May/2021:13:06:36 +0000] \"POST /auth/login HTTP/1.1\" 500 35 \"-\" \"PostmanRuntime/7.28.0\"\n","level":"info"}
{"message":"Please enter valid username and password","level":"error"}
{"message":"::1 - - [19/May/2021:13:06:44 +0000] \"POST /auth/login HTTP/1.1\" 404 54 \"-\" \"PostmanRuntime/7.28.0\"\n","level":"info"}
{"message":"::1 - - [19/May/2021:13:07:11 +0000] \"POST /auth/login HTTP/1.1\" 200 198 \"-\" \"PostmanRuntime/7.28.0\"\n","level":"info"}
{"message":"::1 - - [19/May/2021:13:11:15 +0000] \"POST /auth/login HTTP/1.1\" 200 108 \"-\" \"PostmanRuntime/7.28.0\"\n","level":"info"}
{"message":"::1 - - [19/May/2021:13:11:32 +0000] \"POST /auth/login HTTP/1.1\" 200 128 \"-\" \"PostmanRuntime/7.28.0\"\n","level":"info"}
{"message":"::1 - - [19/May/2021:13:20:56 +0000] \"POST /auth/login HTTP/1.1\" 200 178 \"-\" \"PostmanRuntime/7.28.0\"\n","level":"info"}
{"message":"::1 - - [19/May/2021:13:21:22 +0000] \"POST /auth/login HTTP/1.1\" 200 188 \"-\" \"PostmanRuntime/7.28.0\"\n","level":"info"}
{"message":"Unauthorized","level":"error"}
{"message":"::1 - - [19/May/2021:13:35:15 +0000] \"GET /movies/4 HTTP/1.1\" 401 26 \"-\" \"PostmanRuntime/7.28.0\"\n","level":"info"}
{"message":"::1 - - [19/May/2021:13:35:39 +0000] \"POST /auth/login HTTP/1.1\" 200 188 \"-\" \"PostmanRuntime/7.28.0\"\n","level":"info"}
{"message":"::1 - - [19/May/2021:13:36:14 +0000] \"GET /movies/4 HTTP/1.1\" 200 18676 \"-\" \"PostmanRuntime/7.28.0\"\n","level":"info"}
{"message":"::1 - - [19/May/2021:13:37:42 +0000] \"GET /movies/4 HTTP/1.1\" 200 18676 \"-\" \"PostmanRuntime/7.28.0\"\n","level":"info"}
{"message":"::1 - - [19/May/2021:13:37:59 +0000] \"POST /auth/login HTTP/1.1\" 200 188 \"-\" \"PostmanRuntime/7.28.0\"\n","level":"info"}
{"message":"::1 - - [19/May/2021:13:38:13 +0000] \"GET /movies/4 HTTP/1.1\" 200 18676 \"-\" \"PostmanRuntime/7.28.0\"\n","level":"info"}
{"message":"Unauthorized","level":"error"}
{"message":"::1 - - [19/May/2021:13:38:23 +0000] \"GET /movies/4 HTTP/1.1\" 401 26 \"-\" \"PostmanRuntime/7.28.0\"\n","level":"info"}
{"message":"::1 - - [19/May/2021:13:38:33 +0000] \"GET /movies/4 HTTP/1.1\" 200 18676 \"-\" \"PostmanRuntime/7.28.0\"\n","level":"info"}
{"message":"::1 - - [19/May/2021:13:39:46 +0000] \"GET /movies/4 HTTP/1.1\" 200 18676 \"-\" \"PostmanRuntime/7.28.0\"\n","level":"info"}
